number,value,datetime_start,datetime_complete,duration,params_colsample_bylevel,params_colsample_bytree,params_gamma,params_learning_rate,params_max_delta_step,params_max_depth,params_min_child_weight,params_n_estimators,params_reg_alpha,params_reg_lambda,params_subsample,user_attrs_cv_std,state
75,0.910398306683156,2026-09-18 20:31:45.429663,2026-09-18 20:31:47.375299,0 days 00:00:01.945636,0.6245850149999643,0.8595645519207388,0.0012708703584082116,0.08678091394580144,6,3,0.8760404996394071,700,1.3551439326441796,22.202909326032014,0.8784734165729812,0.023202699137504758,COMPLETE
76,0.907105906151234,2026-09-18 20:31:47.375728,2026-09-18 20:31:51.367808,0 days 00:00:03.992080,0.8212692636236899,0.7926165424955349,0.013309325228002962,0.014686159691997876,4,7,4.853423320086001,900,1.9144576945474063,16.601132299467107,0.9208463669194507,0.02252138469825748,COMPLETE
77,0.9068732338046978,2026-09-18 20:31:51.368327,2026-09-18 20:31:56.329050,0 days 00:00:04.960723,0.9067054369921109,0.734074430910898,0.06297425106324103,0.011717139640124915,8,6,1.4047686909256527,850,2.267393262537619,6.708706915451246,0.9618203246317928,0.0234263194515004,COMPLETE
78,0.9054287610911149,2026-09-18 20:31:56.329630,2026-09-18 20:32:01.332164,0 days 00:00:05.002534,0.9372535797688548,0.964505991522814,0.13437383559202937,0.012545656695809114,4,5,1.4917157155672958,800,0.9097268693324969,25.442062402097665,0.9993370289930076,0.02223314799973099,COMPLETE
79,0.9142159491969885,2026-09-18 20:32:01.332482,2026-09-18 20:32:05.907105,0 days 00:00:04.574623,0.8491911505302574,0.8320209863283523,0.05842832636324162,0.018949363415731914,1,5,0.7319981575887913,900,0.16416504925710715,3.830746819284931,0.8852021982043043,0.01888756517740199,COMPLETE
80,0.9122743296647595,2026-09-18 20:32:05.909149,2026-09-18 20:32:08.961112,0 days 00:00:03.051963,0.9585606173713872,0.8981130906868802,0.08893514094129275,0.01490765673567017,2,3,1.0318250971072689,900,0.07278204843076769,6.478307739021836,0.8629838364709776,0.020094533056830344,COMPLETE
81,0.9130466302954021,2026-09-18 20:32:08.961631,2026-09-18 20:32:11.136949,0 days 00:00:02.175318,0.793253914555417,0.8562626301514434,0.29241101444407064,0.02707800904791903,2,3,0.9819519149570349,700,0.08900159151763781,3.7879605157283534,0.8579113336908959,0.020077513442376904,COMPLETE
82,0.9121433483988491,2026-09-18 20:32:11.137347,2026-09-18 20:32:12.754316,0 days 00:00:01.616969,0.8894118993907769,0.8904521173387994,1.5055752296720533,0.04632454348144451,3,2,1.1971424996431603,800,0.26714892301822873,7.379708542124907,0.7809990350742405,0.023530946532735884,COMPLETE
83,0.9110568581290132,2026-09-18 20:32:12.754888,2026-09-18 20:32:14.144388,0 days 00:00:01.389500,0.8821772089621991,0.8569577263340419,1.092151040602778,0.07498516704822342,5,3,0.6430611184754427,800,0.04154523895047538,1.1384486789475274,0.7292410612976887,0.020371659357475397,COMPLETE
84,0.9114003161945934,2026-09-18 20:32:14.144857,2026-09-18 20:32:17.081261,0 days 00:00:02.936404,0.9777390974022027,0.8911608278842755,0.2671775325815042,0.0327566456840113,0,3,0.503308894548734,900,0.034437138212676174,7.319142528228256,0.9156056757464938,0.019745956092908596,COMPLETE
85,0.9010195305561448,2026-09-18 20:32:17.081834,2026-09-18 20:32:18.861664,0 days 00:00:01.779830,0.6448498153138758,0.8510572340637086,1.6359728302321153,0.021558335186356054,2,6,0.5855468120316818,850,0.14795278991585914,26.17064567102712,0.9152239657733231,,PRUNED
86,0.9102687561773039,2026-09-18 20:32:18.861907,2026-09-18 20:32:21.050425,0 days 00:00:02.188518,0.7754540874352347,0.8072660370676668,0.948960874216451,0.023692446165680305,2,3,1.4556143320665238,850,1.4969863888961146,1.288093597221293,0.8942908195982685,0.022577189201483463,COMPLETE
87,0.9111533180105145,2026-09-18 20:32:21.050974,2026-09-18 20:32:24.310974,0 days 00:00:03.260000,0.5481037996820344,0.8303848008963626,0.03126948885338991,0.0518800984145545,8,4,0.7682890296938331,900,0.923555729185298,49.19168795504651,0.9449272017897506,0.023383112734970478,COMPLETE
88,0.9095648446032687,2026-09-18 20:32:24.311325,2026-09-18 20:32:28.608545,0 days 00:00:04.297220,0.8211918286437382,0.7491300009263046,0.04667102235782247,0.010851665124595768,1,5,0.7350109068055908,850,0.12515186260072977,0.8117085714200964,0.9233984142579511,0.02358148544546569,COMPLETE
89,0.9167221850742984,2026-09-18 20:32:28.608959,2026-09-18 20:32:31.303500,0 days 00:00:02.694541,0.9491866793815857,0.9173596683549814,0.5448434975270409,0.010419304856645517,3,3,0.8654020945974379,750,0.5177732740952381,0.4229523616277133,0.8881131018493914,0.018881729670860752,COMPLETE
90,0.9037629488835593,2026-09-18 20:32:31.304063,2026-09-18 20:32:33.039019,0 days 00:00:01.734956,0.7901336604679909,0.8345024705435394,0.04837886114272537,0.01844680322279851,3,3,0.5054977197048917,700,0.02156229264020066,17.223236027935194,0.7690259166588682,,PRUNED
91,0.9101803773375625,2026-09-18 20:32:33.039258,2026-09-18 20:32:34.870121,0 days 00:00:01.830863,0.8482010837066913,0.9453737135810404,0.5667890739768116,0.010511478721859684,1,3,0.5408704514351418,550,0.27733431841593925,1.4702330100684198,0.9812836866146905,0.025054461927836627,COMPLETE
92,0.9093737951696884,2026-09-18 20:32:34.870565,2026-09-18 20:32:36.442462,0 days 00:00:01.571897,0.9976836350750908,0.6830091902470725,0.5000266503028273,0.02102664364425416,3,2,0.6438356870047361,750,0.17249352654788683,0.008388886346786818,0.7980045697640271,0.023505155651870155,COMPLETE
93,0.9131046525930169,2026-09-18 20:32:36.442998,2026-09-18 20:32:38.421900,0 days 00:00:01.978902,0.9595454851285702,0.8968658439783915,2.7266731559417923,0.011605673822012679,3,3,0.9587062760874772,650,0.7489821426658939,0.00953521617752333,0.9165229791764046,0.021261894271566023,COMPLETE
94,0.9058192996642983,2026-09-18 20:32:38.422309,2026-09-18 20:32:39.265468,0 days 00:00:00.843159,0.9418338003850296,0.9896873132931098,1.1882356825629172,0.02169230592876798,3,2,0.8648611544920366,350,0.13561085626239622,0.05638708037086634,0.7640034040082418,0.025359899168976217,COMPLETE
95,0.9061043145265848,2026-09-18 20:32:39.265875,2026-09-18 20:32:40.615675,0 days 00:00:01.349800,0.945579680601915,0.6795436025632751,0.9090024238881188,0.021109217032305755,4,4,2.046084597439608,450,2.545587375849538,0.004128108745226829,0.9682470603311791,,PRUNED
96,0.9103810936107081,2026-09-18 20:32:40.615936,2026-09-18 20:32:42.724606,0 days 00:00:02.108670,0.9615179550158482,0.8788669322623468,0.10970200449754272,0.011461595732143136,3,3,2.54886544548308,650,1.128843084258577,1.1399743650355574,0.773170803785273,0.021088373036788562,COMPLETE
97,0.9066289986804756,2026-09-18 20:32:42.725060,2026-09-18 20:32:44.270107,0 days 00:00:01.545047,0.9806087053897189,0.9321022870914373,3.4607854417996284,0.011072340500971674,4,2,1.0832594672907956,700,0.2011766890880106,0.088604587665244,0.9433603039562098,0.02300397435646324,COMPLETE
98,0.9138017400137801,2026-09-18 20:32:44.270570,2026-09-18 20:32:47.382246,0 days 00:00:03.111676,0.8732796034279369,0.7633562837464963,0.0897881971753927,0.01369574358175848,6,4,0.9321708568473392,800,0.43291794019379115,0.1273031627600494,0.8356350782843278,0.020342167139628217,COMPLETE
99,0.8900935726526351,2026-09-18 20:32:47.382650,2026-09-18 20:32:48.539730,0 days 00:00:01.157080,0.902406815834748,0.8135536852698236,0.004200742628822018,0.01942396529585429,5,4,1.4481779589465151,850,0.10117673772506211,0.015520920504605927,0.7586821246407018,,PRUNED
100,0.9118709359710746,2026-09-18 20:32:48.541057,2026-09-18 20:32:52.822552,0 days 00:00:04.281495,0.8999441179198592,0.9728973510034137,0.12258213432222952,0.03913381017500522,0,7,0.7687354079742234,650,0.09551156783573563,11.111687368475813,0.8207948010791521,0.02272801673152087,COMPLETE
101,0.9125723153835195,2026-09-18 20:32:52.822852,2026-09-18 20:32:54.816906,0 days 00:00:01.994054,0.6910825922290142,0.7558851649134724,0.19259651698191785,0.01408282981189533,5,3,1.3558730281696103,750,0.16619005792231467,0.020700102899723363,0.837808164039297,0.022366562589451907,COMPLETE
102,0.8927726468409791,2026-09-18 20:32:54.817253,2026-09-18 20:32:55.237641,0 days 00:00:00.420388,0.5864662220303625,0.5525314957166012,1.6617689599253493,0.037509507451655655,5,3,4.0368759292368805,550,2.0721435891218842,0.0231497176240464,0.8481252062758202,,PRUNED
103,0.9100295869228703,2026-09-18 20:32:55.237880,2026-09-18 20:32:57.762633,0 days 00:00:02.524753,0.934033108129968,0.7080940133675744,0.12972360915321343,0.010973955980665218,7,3,0.7044896454000699,850,0.9966231512052472,0.046257492313944854,0.7897712302285977,0.02425777664891062,COMPLETE
104,0.8866665302256815,2026-09-18 20:32:57.763103,2026-09-18 20:32:58.937948,0 days 00:00:01.174845,0.7052947895443412,0.9329272153557583,0.0026111340436494736,0.01974050807757816,8,4,0.5338763861428167,700,4.470430580516311,37.486309251498874,0.9033104089799303,,PRUNED
105,0.9113670244821307,2026-09-18 20:32:58.938187,2026-09-18 20:33:01.753924,0 days 00:00:02.815737,0.8566221770407896,0.8817980750072121,2.5664733352744964,0.010873591626227008,3,4,0.8943347992270263,650,2.2865090075437347,0.001938904159751458,0.853877720759655,0.02174908767424536,COMPLETE
106,0.9076886537206621,2026-09-18 20:33:01.754369,2026-09-18 20:33:05.393675,0 days 00:00:03.639306,0.7483431016318579,0.6406332203226094,0.45882670789244684,0.014110764856096374,8,5,0.63311404669496,800,0.13021619277722174,0.07348379404492777,0.9040668895620834,0.023378455525204345,COMPLETE
107,0.8947166777729506,2026-09-18 20:33:05.394151,2026-09-18 20:33:06.185336,0 days 00:00:00.791185,0.6496470048220988,0.7789106620948777,0.04642767807032898,0.021699622875671933,4,3,0.9729971077014763,700,0.3538422829994334,0.02539812246160462,0.6394668045699944,,PRUNED
108,0.9114804398115082,2026-09-18 20:33:06.185575,2026-09-18 20:33:08.309285,0 days 00:00:02.123710,0.7621648694163843,0.8479206110184195,0.2611857380920627,0.017425082005769345,5,3,0.9357564031071608,700,0.011179429530394884,0.0021955858365991145,0.7718134053327448,0.021378339087915053,COMPLETE
109,0.910974704917407,2026-09-18 20:33:08.309752,2026-09-18 20:33:09.895769,0 days 00:00:01.586017,0.6970122646001691,0.7877094015968504,0.5016240978589784,0.04509454894055881,3,4,1.272474238995874,550,0.016003277449884445,4.001823671268225,0.8834329100758062,0.021376132132206103,COMPLETE
110,0.888872606558053,2026-09-18 20:33:09.896162,2026-09-18 20:33:10.381322,0 days 00:00:00.485160,0.5620142225560552,0.7139557165038286,0.18162670977087242,0.010038888425327108,6,2,1.7380546218711306,650,0.6055359530452781,0.003123434519427873,0.8477657901759823,,PRUNED
111,0.9096975402331264,2026-09-18 20:33:10.381573,2026-09-18 20:33:12.593727,0 days 00:00:02.212154,0.6360626031390463,0.7261251081117542,0.44212696709449334,0.016727894847208064,5,3,0.9147864151345089,850,0.04044661021050367,0.04833224941356888,0.8514466963635968,0.02181056655884541,COMPLETE
112,0.9130767879840018,2026-09-18 20:33:12.594252,2026-09-18 20:33:15.267136,0 days 00:00:02.672884,0.7883031485582632,0.9111688524494957,0.20342575511114983,0.010732944809059291,6,3,1.7352468103817515,900,0.5582704528243054,1.8108827144598978,0.8426279026619976,0.022323592276145096,COMPLETE
113,0.9089958012538004,2026-09-18 20:33:15.267603,2026-09-18 20:33:17.007297,0 days 00:00:01.739694,0.899858962540421,0.7131525670368575,0.9519841992577087,0.013765069374051581,4,2,0.6041551053643605,800,0.042602812346997136,4.399805255513552,0.9873412204278496,0.024868866339202104,COMPLETE
114,0.9132892289705399,2026-09-18 20:33:17.007825,2026-09-18 20:33:20.459016,0 days 00:00:03.451191,0.8418112664685489,0.8867144571946629,0.009732177972812889,0.0114193743007119,7,4,2.544238254406576,900,1.1682221858858755,5.223419674385534,0.7939034032513326,0.019010313268981168,COMPLETE
115,0.8934238786208135,2026-09-18 20:33:20.459370,2026-09-18 20:33:21.534769,0 days 00:00:01.075399,0.8230299992863754,0.8571113366027228,0.027896924068269623,0.01757960845053123,7,5,2.118030229397059,650,0.2194026594967141,0.09748307763380339,0.8417306610102546,,PRUNED
116,0.9042885432337421,2026-09-18 20:33:21.535019,2026-09-18 20:33:22.810510,0 days 00:00:01.275491,0.8089629211695076,0.8309011062331202,0.32306761948501855,0.043798723399609656,7,2,2.156153956448385,850,6.051191720015388,2.8472559291405295,0.8843158457131695,,PRUNED
117,0.9137753418262162,2026-09-18 20:33:22.810774,2026-09-18 20:33:25.465250,0 days 00:00:02.654476,0.7211016984998432,0.9702788580381968,0.008749274225286341,0.014310601362895607,6,4,4.093996442330071,750,0.39603666651205954,11.455057531269572,0.9349700230108796,0.020363259736291522,COMPLETE
118,0.8932528332348375,2026-09-18 20:33:25.465692,2026-09-18 20:33:26.205635,0 days 00:00:00.739943,0.9130593228651964,0.9170422917533853,0.11809031117171907,0.015458239478334348,8,2,2.7076535691744845,800,0.05017066068976347,4.064895756305659,0.6953024921924633,,PRUNED
119,0.8849080408450555,2026-09-18 20:33:26.205878,2026-09-18 20:33:26.952641,0 days 00:00:00.746763,0.619109034347569,0.9302808016507251,2.261447314851692,0.012018014698153319,6,2,0.8004814618802013,850,1.0123831482949102,22.696303718681612,0.7410053672304222,,PRUNED
